<?xml version="1.0" encoding="UTF-8"?>
<testsuite name="io.turntabl.NumbersTest" tests="1" skipped="0" failures="0" errors="0" timestamp="2019-11-04T10:50:37" hostname="yaa-HP-Notebook" time="0.015">
  <properties/>
  <testcase name="testGreaterThanAThousand" classname="io.turntabl.NumbersTest" time="0.015"/>
  <system-out><![CDATA[]]></system-out>
  <system-err><![CDATA[]]></system-err>
</testsuite>
